Arguments: 
  /usr/local/bin/node /usr/local/bin/yarn add babel-plugin-transform-es2015-modules-amd

PATH: 
  /usr/local/bin:/usr/bin:/bin:/usr/sbin:/sbin:/opt/local/bin:/opt/local/sbin:/Applications/Wireshark.app/Contents/MacOS

Yarn version: 
  0.19.1

Node version: 
  7.2.1

Platform: 
  darwin x64

npm manifest: 
  {
    "name": "happy-chrimstmas",
    "version": "1.0.0",
    "description": "圣诞消消乐",
    "main": "gulpfile.js",
    "scripts": {
      "test": "echo \"Error: no test specified\" && exit 1"
    },
    "repository": {
      "type": "git",
      "url": "git+ssh://git@github.com/helevents/eliminate_joy.git"
    },
    "author": "fawn <1982248849@qq.com>",
    "license": "Unlicense",
    "bugs": {
      "url": "https://github.com/helevents/eliminate_joy/issues"
    },
    "homepage": "https://github.com/helevents/eliminate_joy#readme",
    "devDependencies": {
      "babel-preset-es2015": "^6.18.0",
      "babel-preset-react": "^6.16.0",
      "babel-preset-stage-0": "^6.16.0",
      "browser-sync": "^2.17.5",
      "gulp": "^3.9.1",
      "gulp-babel": "^6.1.2",
      "gulp-imagemin": "^3.1.1",
      "gulp-less": "^3.3.0",
      "gulp-uglify": "^2.0.1",
      "less-plugin-autoprefix": "^1.5.1",
      "pump": "^1.0.2"
    }
  }

yarn manifest: 
  No manifest

Lockfile: 
  No lockfile

Trace: 
  Error: EACCES: permission denied, rmdir '/Library/WebServer/Documents/eliminate_joy/node_modules/pump/node_modules/end-of-stream'
